<?xml version="1.0" encoding="UTF-8"?>
<testng-results ignored="0" total="4" passed="3" failed="1" skipped="0">
  <reporter-output>
  </reporter-output>
  <suite started-at="2020-11-01T13:54:09Z" name="All Test Suite" finished-at="2020-11-01T13:54:45Z" duration-ms="36047">
    <groups>
    </groups>
    <test started-at="2020-11-01T13:54:09Z" name="Test1" finished-at="2020-11-01T13:54:26Z" duration-ms="16960">
      <class name="selenium.HomePage">
        <test-method is-config="true" signature="initialize()[pri:0, instance:selenium.HomePage@e260766]" started-at="2020-11-01T13:54:09Z" name="initialize" finished-at="2020-11-01T13:54:14Z" duration-ms="4771" status="PASS">
          <reporter-output>
          </reporter-output>
        </test-method> <!-- initialize -->
        <test-method signature="basePageNavigation(java.lang.String, java.lang.String, java.lang.String)[pri:0, instance:selenium.HomePage@e260766]" started-at="2020-11-01T13:54:14Z" name="basePageNavigation" data-provider="getData" finished-at="2020-11-01T13:54:22Z" duration-ms="7805" status="PASS">
          <params>
            <param index="0">
              <value>
                <![CDATA[abc@gmail.com]]>
              </value>
            </param>
            <param index="1">
              <value>
                <![CDATA[123]]>
              </value>
            </param>
            <param index="2">
              <value>
                <![CDATA[1_user]]>
              </value>
            </param>
          </params>
          <reporter-output>
          </reporter-output>
        </test-method> <!-- basePageNavigation -->
        <test-method signature="basePageNavigation(java.lang.String, java.lang.String, java.lang.String)[pri:0, instance:selenium.HomePage@e260766]" started-at="2020-11-01T13:54:22Z" name="basePageNavigation" data-provider="getData" finished-at="2020-11-01T13:54:26Z" duration-ms="4044" status="PASS">
          <params>
            <param index="0">
              <value>
                <![CDATA[xyz@gmail.com]]>
              </value>
            </param>
            <param index="1">
              <value>
                <![CDATA[234]]>
              </value>
            </param>
            <param index="2">
              <value>
                <![CDATA[2_user]]>
              </value>
            </param>
          </params>
          <reporter-output>
          </reporter-output>
        </test-method> <!-- basePageNavigation -->
        <test-method is-config="true" signature="teardown()[pri:0, instance:selenium.HomePage@e260766]" started-at="2020-11-01T13:54:26Z" name="teardown" finished-at="2020-11-01T13:54:26Z" duration-ms="290" status="PASS">
          <reporter-output>
          </reporter-output>
        </test-method> <!-- teardown -->
      </class> <!-- selenium.HomePage -->
    </test> <!-- Test1 -->
    <test started-at="2020-11-01T13:54:27Z" name="Test2" finished-at="2020-11-01T13:54:36Z" duration-ms="9368">
      <class name="selenium.validateTitle">
        <test-method is-config="true" signature="initialize()[pri:0, instance:selenium.validateTitle@9bd0fa6]" started-at="2020-11-01T13:54:27Z" name="initialize" finished-at="2020-11-01T13:54:35Z" duration-ms="7733" status="PASS">
          <reporter-output>
          </reporter-output>
        </test-method> <!-- initialize -->
        <test-method signature="validateAPPTitle()[pri:0, instance:selenium.validateTitle@9bd0fa6]" started-at="2020-11-01T13:54:35Z" name="validateAPPTitle" finished-at="2020-11-01T13:54:35Z" duration-ms="75" status="FAIL">
          <exception class="java.lang.AssertionError">
            <message>
              <![CDATA[expected [FEATURED COUR12SES] but found [FEATURED COURSES]]]>
            </message>
            <full-stacktrace>
              <![CDATA[java.lang.AssertionError: expected [FEATURED COUR12SES] but found [FEATURED COURSES]
at org.testng.Assert.fail(Assert.java:96)
at org.testng.Assert.failNotEquals(Assert.java:776)
at org.testng.Assert.assertEqualsImpl(Assert.java:137)
at org.testng.Assert.assertEquals(Assert.java:118)
at org.testng.Assert.assertEquals(Assert.java:453)
at org.testng.Assert.assertEquals(Assert.java:463)
at selenium.validateTitle.validateAPPTitle(validateTitle.java:33)
at java.base/jdk.internal.reflect.NativeMethodAccessorImpl.invoke0(Native Method)
at java.base/jdk.internal.reflect.NativeMethodAccessorImpl.invoke(NativeMethodAccessorImpl.java:62)
at java.base/jdk.internal.reflect.DelegatingMethodAccessorImpl.invoke(DelegatingMethodAccessorImpl.java:43)
at java.base/java.lang.reflect.Method.invoke(Method.java:566)
at org.testng.internal.MethodInvocationHelper.invokeMethod(MethodInvocationHelper.java:124)
at org.testng.internal.Invoker.invokeMethod(Invoker.java:583)
at org.testng.internal.Invoker.invokeTestMethod(Invoker.java:719)
at org.testng.internal.Invoker.invokeTestMethods(Invoker.java:989)
at org.testng.internal.TestMethodWorker.invokeTestMethods(TestMethodWorker.java:125)
at org.testng.internal.TestMethodWorker.run(TestMethodWorker.java:109)
at org.testng.TestRunner.privateRun(TestRunner.java:648)
at org.testng.TestRunner.run(TestRunner.java:505)
at org.testng.SuiteRunner.runTest(SuiteRunner.java:455)
at org.testng.SuiteRunner.runSequentially(SuiteRunner.java:450)
at org.testng.SuiteRunner.privateRun(SuiteRunner.java:415)
at org.testng.SuiteRunner.run(SuiteRunner.java:364)
at org.testng.SuiteRunnerWorker.runSuite(SuiteRunnerWorker.java:52)
at org.testng.SuiteRunnerWorker.run(SuiteRunnerWorker.java:84)
at org.testng.TestNG.runSuitesSequentially(TestNG.java:1208)
at org.testng.TestNG.runSuitesLocally(TestNG.java:1137)
at org.testng.TestNG.runSuites(TestNG.java:1049)
at org.testng.TestNG.run(TestNG.java:1017)
at org.apache.maven.surefire.testng.TestNGExecutor.run(TestNGExecutor.java:283)
at org.apache.maven.surefire.testng.TestNGXmlTestSuite.execute(TestNGXmlTestSuite.java:75)
at org.apache.maven.surefire.testng.TestNGProvider.invoke(TestNGProvider.java:120)
at org.apache.maven.surefire.booter.ForkedBooter.invokeProviderInSameClassLoader(ForkedBooter.java:386)
at org.apache.maven.surefire.booter.ForkedBooter.runSuitesInProcess(ForkedBooter.java:323)
at org.apache.maven.surefire.booter.ForkedBooter.main(ForkedBooter.java:143)
]]>
            </full-stacktrace>
          </exception> <!-- java.lang.AssertionError -->
          <reporter-output>
          </reporter-output>
        </test-method> <!-- validateAPPTitle -->
        <test-method is-config="true" signature="teardown()[pri:0, instance:selenium.validateTitle@9bd0fa6]" started-at="2020-11-01T13:54:36Z" name="teardown" finished-at="2020-11-01T13:54:36Z" duration-ms="288" status="PASS">
          <reporter-output>
          </reporter-output>
        </test-method> <!-- teardown -->
      </class> <!-- selenium.validateTitle -->
    </test> <!-- Test2 -->
    <test started-at="2020-11-01T13:54:36Z" name="Test3" finished-at="2020-11-01T13:54:45Z" duration-ms="8748">
      <class name="selenium.ValidatingNavigationBar">
        <test-method is-config="true" signature="initialize()[pri:0, instance:selenium.ValidatingNavigationBar@1991f767]" started-at="2020-11-01T13:54:36Z" name="initialize" finished-at="2020-11-01T13:54:44Z" duration-ms="8082" status="PASS">
          <reporter-output>
          </reporter-output>
        </test-method> <!-- initialize -->
        <test-method signature="basePageNavigation()[pri:0, instance:selenium.ValidatingNavigationBar@1991f767]" started-at="2020-11-01T13:54:44Z" name="basePageNavigation" finished-at="2020-11-01T13:54:45Z" duration-ms="395" status="PASS">
          <reporter-output>
          </reporter-output>
        </test-method> <!-- basePageNavigation -->
        <test-method is-config="true" signature="teardown()[pri:0, instance:selenium.ValidatingNavigationBar@1991f767]" started-at="2020-11-01T13:54:45Z" name="teardown" finished-at="2020-11-01T13:54:45Z" duration-ms="269" status="PASS">
          <reporter-output>
          </reporter-output>
        </test-method> <!-- teardown -->
      </class> <!-- selenium.ValidatingNavigationBar -->
    </test> <!-- Test3 -->
  </suite> <!-- All Test Suite -->
</testng-results>
