-------------------------------------------------------------------------------
Test set: TestSuite
-------------------------------------------------------------------------------
Tests run: 4, Failures: 1, Errors: 0, Skipped: 0, Time elapsed: 38.973 s <<< FAILURE! - in TestSuite
validateAPPTitle(selenium.validateTitle)  Time elapsed: 1.347 s  <<< FAILURE!
java.lang.AssertionError: expected [FEATURED COUR12SES] but found [FEATURED COURSES]
	at selenium.validateTitle.validateAPPTitle(validateTitle.java:33)

