<?xml version="1.0" encoding="UTF-8"?>
<!-- Generated by org.testng.reporters.JUnitXMLReporter -->
<testsuite ignored="0" hostname="ROHABISH-IN" failures="1" tests="1" name="Test2" time="9.368" errors="0" timestamp="01 Nov 2020 13:54:36 GMT">
  <testcase classname="selenium.validateTitle" name="validateAPPTitle" time="0.075">
    <failure type="java.lang.AssertionError" message="expected [FEATURED COUR12SES] but found [FEATURED COURSES]">
      <![CDATA[java.lang.AssertionError: expected [FEATURED COUR12SES] but found [FEATURED COURSES]
at selenium.validateTitle.validateAPPTitle(validateTitle.java:33)
... Removed 34 stack frames]]>
    </failure>
  </testcase> <!-- validateAPPTitle -->
</testsuite> <!-- Test2 -->
